<?xml version="1.0" encoding="UTF-8"?>
<testng-results ignored="0" total="1" passed="1" failed="0" skipped="0">
  <reporter-output>
  </reporter-output>
  <suite started-at="2022-10-29T15:57:43Z" name="Default suite" finished-at="2022-10-29T15:57:45Z" duration-ms="1989">
    <groups>
    </groups>
    <test started-at="2022-10-29T15:57:43Z" name="Default test" finished-at="2022-10-29T15:57:45Z" duration-ms="1989">
      <class name="testSel.testSel">
        <test-method signature="f()[pri:0, instance:testSel.testSel@59cba5a]" started-at="2022-10-29T10:57:43Z" name="f" finished-at="2022-10-29T10:57:45Z" duration-ms="1979" status="PASS">
          <reporter-output>
          </reporter-output>
        </test-method> <!-- f -->
      </class> <!-- testSel.testSel -->
    </test> <!-- Default test -->
  </suite> <!-- Default suite -->
</testng-results>
